0 info it worked if it ends with ok
1 verbose cli [ 'C:\\Program Files\\nodejs\\node.exe',
1 verbose cli   'C:\\Users\\User\\AppData\\Roaming\\npm\\node_modules\\npm\\bin\\npm-cli.js',
1 verbose cli   'install',
1 verbose cli   'jwt' ]
2 info using npm@4.0.3
3 info using node@v7.2.1
4 silly loadCurrentTree Starting
5 silly install loadCurrentTree
6 silly install readLocalPackageData
7 silly fetchPackageMetaData jwt
8 silly fetchNamedPackageData jwt
9 silly mapToRegistry name jwt
10 silly mapToRegistry using default registry
11 silly mapToRegistry registry https://registry.npmjs.org/
12 silly mapToRegistry data Result {
12 silly mapToRegistry   raw: 'jwt',
12 silly mapToRegistry   scope: null,
12 silly mapToRegistry   escapedName: 'jwt',
12 silly mapToRegistry   name: 'jwt',
12 silly mapToRegistry   rawSpec: '',
12 silly mapToRegistry   spec: 'latest',
12 silly mapToRegistry   type: 'tag' }
13 silly mapToRegistry uri https://registry.npmjs.org/jwt
14 verbose request uri https://registry.npmjs.org/jwt
15 verbose request no auth needed
16 info attempt registry request try #1 at 17:44:27
17 verbose request id cd7fbc1282a781fb
18 http request GET https://registry.npmjs.org/jwt
19 http 200 https://registry.npmjs.org/jwt
20 verbose headers { server: 'nginx/1.10.1',
20 verbose headers   'content-type': 'application/json',
20 verbose headers   'last-modified': 'Thu, 15 Dec 2016 06:28:42 GMT',
20 verbose headers   etag: 'W/"5852381a-1435"',
20 verbose headers   'content-encoding': 'gzip',
20 verbose headers   'cache-control': 'max-age=300',
20 verbose headers   'content-length': '2281',
20 verbose headers   'accept-ranges': 'bytes',
20 verbose headers   date: 'Wed, 19 Apr 2017 14:44:32 GMT',
20 verbose headers   via: '1.1 varnish',
20 verbose headers   age: '0',
20 verbose headers   connection: 'keep-alive',
20 verbose headers   'x-served-by': 'cache-fra1222-FRA',
20 verbose headers   'x-cache': 'MISS',
20 verbose headers   'x-cache-hits': '0',
20 verbose headers   'x-timer': 'S1492613073.754619,VS0,VE2',
20 verbose headers   vary: 'Accept-Encoding' }
21 silly get cb [ 200,
21 silly get   { server: 'nginx/1.10.1',
21 silly get     'content-type': 'application/json',
21 silly get     'last-modified': 'Thu, 15 Dec 2016 06:28:42 GMT',
21 silly get     etag: 'W/"5852381a-1435"',
21 silly get     'content-encoding': 'gzip',
21 silly get     'cache-control': 'max-age=300',
21 silly get     'content-length': '2281',
21 silly get     'accept-ranges': 'bytes',
21 silly get     date: 'Wed, 19 Apr 2017 14:44:32 GMT',
21 silly get     via: '1.1 varnish',
21 silly get     age: '0',
21 silly get     connection: 'keep-alive',
21 silly get     'x-served-by': 'cache-fra1222-FRA',
21 silly get     'x-cache': 'MISS',
21 silly get     'x-cache-hits': '0',
21 silly get     'x-timer': 'S1492613073.754619,VS0,VE2',
21 silly get     vary: 'Accept-Encoding' } ]
22 verbose get saving jwt to C:\Users\User\AppData\Roaming\npm-cache\registry.npmjs.org\jwt\.cache.json
23 verbose correctMkdir C:\Users\User\AppData\Roaming\npm-cache correctMkdir not in flight; initializing
24 silly install normalizeTree
25 silly loadCurrentTree Finishing
26 silly loadIdealTree Starting
27 silly install loadIdealTree
28 silly cloneCurrentTree Starting
29 silly install cloneCurrentTreeToIdealTree
30 silly cloneCurrentTree Finishing
31 silly loadShrinkwrap Starting
32 silly install loadShrinkwrap
33 silly loadShrinkwrap Finishing
34 silly loadAllDepsIntoIdealTree Starting
35 silly install loadAllDepsIntoIdealTree
36 silly resolveWithNewModule jwt@0.2.0 checking installable status
37 silly cache add args [ 'jwt', null ]
38 verbose cache add spec jwt
39 silly cache add parsed spec Result {
39 silly cache add   raw: 'jwt',
39 silly cache add   scope: null,
39 silly cache add   escapedName: 'jwt',
39 silly cache add   name: 'jwt',
39 silly cache add   rawSpec: '',
39 silly cache add   spec: 'latest',
39 silly cache add   type: 'tag' }
40 silly addNamed jwt@latest
41 verbose addNamed "latest" is being treated as a dist-tag for jwt
42 info addNameTag [ 'jwt', 'latest' ]
43 silly mapToRegistry name jwt
44 silly mapToRegistry using default registry
45 silly mapToRegistry registry https://registry.npmjs.org/
46 silly mapToRegistry data Result {
46 silly mapToRegistry   raw: 'jwt',
46 silly mapToRegistry   scope: null,
46 silly mapToRegistry   escapedName: 'jwt',
46 silly mapToRegistry   name: 'jwt',
46 silly mapToRegistry   rawSpec: '',
46 silly mapToRegistry   spec: 'latest',
46 silly mapToRegistry   type: 'tag' }
47 silly mapToRegistry uri https://registry.npmjs.org/jwt
48 verbose addNameTag registry:https://registry.npmjs.org/jwt not in flight; fetching
49 verbose get https://registry.npmjs.org/jwt not expired, no request
50 silly addNameTag next cb for jwt with tag latest
51 silly addNamed jwt@0.2.0
52 verbose addNamed "0.2.0" is a plain semver version for jwt
53 silly mapToRegistry name jwt
54 silly mapToRegistry using default registry
55 silly mapToRegistry registry https://registry.npmjs.org/
56 silly mapToRegistry data Result {
56 silly mapToRegistry   raw: 'jwt',
56 silly mapToRegistry   scope: null,
56 silly mapToRegistry   escapedName: 'jwt',
56 silly mapToRegistry   name: 'jwt',
56 silly mapToRegistry   rawSpec: '',
56 silly mapToRegistry   spec: 'latest',
56 silly mapToRegistry   type: 'tag' }
57 silly mapToRegistry uri https://registry.npmjs.org/jwt
58 verbose addRemoteTarball https://registry.npmjs.org/jwt/-/jwt-0.2.0.tgz not in flight; adding
59 verbose addRemoteTarball [ 'https://registry.npmjs.org/jwt/-/jwt-0.2.0.tgz',
59 verbose addRemoteTarball   '4c9ad46bc84bfeaf91556ecce7c57aa578cbc8b8' ]
60 info retry fetch attempt 1 at 17:44:28
61 info attempt registry request try #1 at 17:44:28
62 http fetch GET https://registry.npmjs.org/jwt/-/jwt-0.2.0.tgz
63 http fetch 200 https://registry.npmjs.org/jwt/-/jwt-0.2.0.tgz
64 silly fetchAndShaCheck shasum 4c9ad46bc84bfeaf91556ecce7c57aa578cbc8b8
65 verbose addTmpTarball C:\Users\User\AppData\Local\Temp\npm-8356-cc64a998\registry.npmjs.org\jwt\-\jwt-0.2.0.tgz not in flight; adding
66 verbose addTmpTarball already have metadata; skipping unpack for jwt@0.2.0
67 verbose correctMkdir C:\Users\User\AppData\Roaming\npm-cache correctMkdir not in flight; initializing
68 silly cache afterAdd jwt@0.2.0
69 verbose afterAdd C:\Users\User\AppData\Roaming\npm-cache\jwt\0.2.0\package\package.json not in flight; writing
70 verbose correctMkdir C:\Users\User\AppData\Roaming\npm-cache correctMkdir not in flight; initializing
71 verbose afterAdd C:\Users\User\AppData\Roaming\npm-cache\jwt\0.2.0\package\package.json written
72 silly fetchNamedPackageData node-base64
73 silly mapToRegistry name node-base64
74 silly mapToRegistry using default registry
75 silly mapToRegistry registry https://registry.npmjs.org/
76 silly mapToRegistry data Result {
76 silly mapToRegistry   raw: 'node-base64',
76 silly mapToRegistry   scope: null,
76 silly mapToRegistry   escapedName: 'node-base64',
76 silly mapToRegistry   name: 'node-base64',
76 silly mapToRegistry   rawSpec: '',
76 silly mapToRegistry   spec: 'latest',
76 silly mapToRegistry   type: 'tag' }
77 silly mapToRegistry uri https://registry.npmjs.org/node-base64
78 verbose request uri https://registry.npmjs.org/node-base64
79 verbose request no auth needed
80 info attempt registry request try #1 at 17:44:28
81 http request GET https://registry.npmjs.org/node-base64
82 http 200 https://registry.npmjs.org/node-base64
83 verbose headers { server: 'nginx/1.10.1',
83 verbose headers   'content-type': 'application/json',
83 verbose headers   'last-modified': 'Fri, 15 Apr 2011 21:27:51 GMT',
83 verbose headers   etag: 'W/"4da8b857-40a"',
83 verbose headers   'content-encoding': 'gzip',
83 verbose headers   'cache-control': 'max-age=300',
83 verbose headers   'content-length': '522',
83 verbose headers   'accept-ranges': 'bytes',
83 verbose headers   date: 'Wed, 19 Apr 2017 14:44:33 GMT',
83 verbose headers   via: '1.1 varnish',
83 verbose headers   age: '0',
83 verbose headers   connection: 'keep-alive',
83 verbose headers   'x-served-by': 'cache-fra1222-FRA',
83 verbose headers   'x-cache': 'MISS',
83 verbose headers   'x-cache-hits': '0',
83 verbose headers   'x-timer': 'S1492613073.256421,VS0,VE16',
83 verbose headers   vary: 'Accept-Encoding' }
84 silly get cb [ 200,
84 silly get   { server: 'nginx/1.10.1',
84 silly get     'content-type': 'application/json',
84 silly get     'last-modified': 'Fri, 15 Apr 2011 21:27:51 GMT',
84 silly get     etag: 'W/"4da8b857-40a"',
84 silly get     'content-encoding': 'gzip',
84 silly get     'cache-control': 'max-age=300',
84 silly get     'content-length': '522',
84 silly get     'accept-ranges': 'bytes',
84 silly get     date: 'Wed, 19 Apr 2017 14:44:33 GMT',
84 silly get     via: '1.1 varnish',
84 silly get     age: '0',
84 silly get     connection: 'keep-alive',
84 silly get     'x-served-by': 'cache-fra1222-FRA',
84 silly get     'x-cache': 'MISS',
84 silly get     'x-cache-hits': '0',
84 silly get     'x-timer': 'S1492613073.256421,VS0,VE16',
84 silly get     vary: 'Accept-Encoding' } ]
85 verbose get saving node-base64 to C:\Users\User\AppData\Roaming\npm-cache\registry.npmjs.org\node-base64\.cache.json
86 verbose correctMkdir C:\Users\User\AppData\Roaming\npm-cache correctMkdir not in flight; initializing
87 silly resolveWithNewModule node-base64@0.0.1 checking installable status
88 silly cache add args [ 'node-base64@0.0.1', null ]
89 verbose cache add spec node-base64@0.0.1
90 silly cache add parsed spec Result {
90 silly cache add   raw: 'node-base64@0.0.1',
90 silly cache add   scope: null,
90 silly cache add   escapedName: 'node-base64',
90 silly cache add   name: 'node-base64',
90 silly cache add   rawSpec: '0.0.1',
90 silly cache add   spec: '0.0.1',
90 silly cache add   type: 'version' }
91 silly addNamed node-base64@0.0.1
92 verbose addNamed "0.0.1" is a plain semver version for node-base64
93 silly mapToRegistry name node-base64
94 silly mapToRegistry using default registry
95 silly mapToRegistry registry https://registry.npmjs.org/
96 silly mapToRegistry data Result {
96 silly mapToRegistry   raw: 'node-base64',
96 silly mapToRegistry   scope: null,
96 silly mapToRegistry   escapedName: 'node-base64',
96 silly mapToRegistry   name: 'node-base64',
96 silly mapToRegistry   rawSpec: '',
96 silly mapToRegistry   spec: 'latest',
96 silly mapToRegistry   type: 'tag' }
97 silly mapToRegistry uri https://registry.npmjs.org/node-base64
98 verbose addNameVersion registry:https://registry.npmjs.org/node-base64 not in flight; fetching
99 verbose get https://registry.npmjs.org/node-base64 not expired, no request
100 silly mapToRegistry name node-base64
101 silly mapToRegistry using default registry
102 silly mapToRegistry registry https://registry.npmjs.org/
103 silly mapToRegistry data Result {
103 silly mapToRegistry   raw: 'node-base64',
103 silly mapToRegistry   scope: null,
103 silly mapToRegistry   escapedName: 'node-base64',
103 silly mapToRegistry   name: 'node-base64',
103 silly mapToRegistry   rawSpec: '',
103 silly mapToRegistry   spec: 'latest',
103 silly mapToRegistry   type: 'tag' }
104 silly mapToRegistry uri https://registry.npmjs.org/node-base64
105 verbose addRemoteTarball https://registry.npmjs.org/node-base64/-/node-base64-0.0.1.tgz not in flight; adding
106 verbose addRemoteTarball [ 'https://registry.npmjs.org/node-base64/-/node-base64-0.0.1.tgz',
106 verbose addRemoteTarball   'ee3e095f97e9f4d72fb3dea98bcb2d25c8716b03' ]
107 info retry fetch attempt 1 at 17:44:28
108 info attempt registry request try #1 at 17:44:28
109 http fetch GET https://registry.npmjs.org/node-base64/-/node-base64-0.0.1.tgz
110 http fetch 200 https://registry.npmjs.org/node-base64/-/node-base64-0.0.1.tgz
111 silly fetchAndShaCheck shasum ee3e095f97e9f4d72fb3dea98bcb2d25c8716b03
112 verbose addTmpTarball C:\Users\User\AppData\Local\Temp\npm-8356-cc64a998\registry.npmjs.org\node-base64\-\node-base64-0.0.1.tgz not in flight; adding
113 verbose addTmpTarball already have metadata; skipping unpack for node-base64@0.0.1
114 verbose correctMkdir C:\Users\User\AppData\Roaming\npm-cache correctMkdir not in flight; initializing
115 silly cache afterAdd node-base64@0.0.1
116 verbose afterAdd C:\Users\User\AppData\Roaming\npm-cache\node-base64\0.0.1\package\package.json not in flight; writing
117 verbose correctMkdir C:\Users\User\AppData\Roaming\npm-cache correctMkdir not in flight; initializing
118 verbose afterAdd C:\Users\User\AppData\Roaming\npm-cache\node-base64\0.0.1\package\package.json written
119 silly loadAllDepsIntoIdealTree Finishing
120 silly loadIdealTree Finishing
121 silly currentTree reg-rest@0.1.0
121 silly currentTree +-- accepts@1.3.3
121 silly currentTree +-- array-flatten@1.1.1
121 silly currentTree +-- bagpipe@0.3.5
121 silly currentTree +-- base64url@2.0.0
121 silly currentTree +-- bignumber.js@2.0.7
121 silly currentTree +-- body-parser@1.17.1
121 silly currentTree +-- buffer-equal-constant-time@1.0.1
121 silly currentTree +-- bytes@2.4.0
121 silly currentTree +-- camelize@1.0.0
121 silly currentTree +-- connect@3.6.0
121 silly currentTree | `-- finalhandler@1.0.0
121 silly currentTree +-- content-disposition@0.5.2
121 silly currentTree +-- content-security-policy-builder@1.1.0
121 silly currentTree +-- content-type@1.0.2
121 silly currentTree +-- cookie-parser@1.4.3
121 silly currentTree +-- cookie-signature@1.0.6
121 silly currentTree +-- cookie@0.3.1
121 silly currentTree +-- core-util-is@1.0.2
121 silly currentTree +-- crc@3.4.4
121 silly currentTree +-- crypto-js@3.1.8
121 silly currentTree +-- dasherize@2.0.0
121 silly currentTree +-- dashify@0.2.2
121 silly currentTree +-- debug@2.6.1
121 silly currentTree +-- depd@1.1.0
121 silly currentTree +-- destroy@1.0.4
121 silly currentTree +-- dns-prefetch-control@0.1.0
121 silly currentTree +-- dont-sniff-mimetype@1.0.0
121 silly currentTree +-- ecdsa-sig-formatter@1.0.9
121 silly currentTree +-- ee-first@1.1.1
121 silly currentTree +-- encodeurl@1.0.1
121 silly currentTree +-- escape-html@1.0.3
121 silly currentTree +-- etag@1.8.0
121 silly currentTree +-- express-session@1.15.2
121 silly currentTree | `-- debug@2.6.3
121 silly currentTree +-- express@4.15.2
121 silly currentTree +-- finalhandler@1.0.1
121 silly currentTree | `-- debug@2.6.3
121 silly currentTree +-- forwarded@0.1.0
121 silly currentTree +-- frameguard@3.0.0
121 silly currentTree +-- fresh@0.5.0
121 silly currentTree +-- fs-extra@1.0.0
121 silly currentTree +-- graceful-fs@4.1.11
121 silly currentTree +-- helmet-csp@2.4.0
121 silly currentTree +-- helmet@3.5.0
121 silly currentTree +-- hide-powered-by@1.0.0
121 silly currentTree +-- hoek@2.16.3
121 silly currentTree +-- hpkp@2.0.0
121 silly currentTree +-- hsts@2.0.0
121 silly currentTree +-- http-errors@1.6.1
121 silly currentTree +-- iconv-lite@0.4.15
121 silly currentTree +-- ienoopen@1.0.0
121 silly currentTree +-- imurmurhash@0.1.4
121 silly currentTree +-- inherits@2.0.3
121 silly currentTree +-- ipaddr.js@1.3.0
121 silly currentTree +-- is-promise@2.1.0
121 silly currentTree +-- isemail@1.2.0
121 silly currentTree +-- jju@1.3.0
121 silly currentTree +-- joi@6.10.1
121 silly currentTree +-- json-parse-helpfulerror@1.0.3
121 silly currentTree +-- jsonfile@2.4.0
121 silly currentTree +-- jsonwebtoken@7.3.0
121 silly currentTree +-- jwa@1.1.5
121 silly currentTree +-- jws@3.1.4
121 silly currentTree +-- jwt-simple@0.5.1
121 silly currentTree +-- klaw@1.3.1
121 silly currentTree +-- lodash.once@4.1.1
121 silly currentTree +-- lodash.reduce@4.6.0
121 silly currentTree +-- lodash@4.17.4
121 silly currentTree +-- lz-string@1.4.4
121 silly currentTree +-- media-typer@0.3.0
121 silly currentTree +-- merge-descriptors@1.0.1
121 silly currentTree +-- methods@1.1.2
121 silly currentTree +-- mime-db@1.27.0
121 silly currentTree +-- mime-types@2.1.15
121 silly currentTree +-- mime@1.3.4
121 silly currentTree +-- moment@2.18.1
121 silly currentTree +-- ms@0.7.2
121 silly currentTree +-- negotiator@0.6.1
121 silly currentTree +-- nocache@2.0.0
121 silly currentTree +-- node-flat-db@0.2.1
121 silly currentTree +-- on-finished@2.3.0
121 silly currentTree +-- on-headers@1.0.1
121 silly currentTree +-- parseurl@1.3.1
121 silly currentTree +-- path-to-regexp@0.1.7
121 silly currentTree +-- platform@1.3.3
121 silly currentTree +-- proxy-addr@1.1.4
121 silly currentTree +-- q@1.5.0
121 silly currentTree +-- qs@6.4.0
121 silly currentTree +-- random-bytes@1.0.0
121 silly currentTree +-- range-parser@1.2.0
121 silly currentTree +-- raw-body@2.2.0
121 silly currentTree +-- referrer-policy@1.1.0
121 silly currentTree +-- retry@0.10.1
121 silly currentTree +-- safe-buffer@5.0.1
121 silly currentTree +-- send@0.15.1
121 silly currentTree +-- serve-static@1.12.1
121 silly currentTree +-- session-file-store@1.0.0
121 silly currentTree +-- setprototypeof@1.0.3
121 silly currentTree +-- slide@1.1.6
121 silly currentTree +-- statuses@1.3.1
121 silly currentTree +-- steno@0.4.4
121 silly currentTree +-- topo@1.1.0
121 silly currentTree +-- type-is@1.6.15
121 silly currentTree +-- uid-safe@2.1.4
121 silly currentTree +-- unpipe@1.0.0
121 silly currentTree +-- utf8@2.1.2
121 silly currentTree +-- utils-merge@1.0.0
121 silly currentTree +-- uuid@3.0.1
121 silly currentTree +-- vary@1.1.1
121 silly currentTree +-- web3@0.18.4
121 silly currentTree +-- write-file-atomic@1.3.1
121 silly currentTree +-- x-xss-protection@1.0.0
121 silly currentTree +-- xhr2@0.1.4
121 silly currentTree +-- xmlhttprequest@1.8.0
121 silly currentTree `-- xtend@4.0.1
122 silly idealTree reg-rest@0.1.0
122 silly idealTree +-- accepts@1.3.3
122 silly idealTree +-- array-flatten@1.1.1
122 silly idealTree +-- bagpipe@0.3.5
122 silly idealTree +-- base64url@2.0.0
122 silly idealTree +-- bignumber.js@2.0.7
122 silly idealTree +-- body-parser@1.17.1
122 silly idealTree +-- buffer-equal-constant-time@1.0.1
122 silly idealTree +-- bytes@2.4.0
122 silly idealTree +-- camelize@1.0.0
122 silly idealTree +-- connect@3.6.0
122 silly idealTree | `-- finalhandler@1.0.0
122 silly idealTree +-- content-disposition@0.5.2
122 silly idealTree +-- content-security-policy-builder@1.1.0
122 silly idealTree +-- content-type@1.0.2
122 silly idealTree +-- cookie-parser@1.4.3
122 silly idealTree +-- cookie-signature@1.0.6
122 silly idealTree +-- cookie@0.3.1
122 silly idealTree +-- core-util-is@1.0.2
122 silly idealTree +-- crc@3.4.4
122 silly idealTree +-- crypto-js@3.1.8
122 silly idealTree +-- dasherize@2.0.0
122 silly idealTree +-- dashify@0.2.2
122 silly idealTree +-- debug@2.6.1
122 silly idealTree +-- depd@1.1.0
122 silly idealTree +-- destroy@1.0.4
122 silly idealTree +-- dns-prefetch-control@0.1.0
122 silly idealTree +-- dont-sniff-mimetype@1.0.0
122 silly idealTree +-- ecdsa-sig-formatter@1.0.9
122 silly idealTree +-- ee-first@1.1.1
122 silly idealTree +-- encodeurl@1.0.1
122 silly idealTree +-- escape-html@1.0.3
122 silly idealTree +-- etag@1.8.0
122 silly idealTree +-- express-session@1.15.2
122 silly idealTree | `-- debug@2.6.3
122 silly idealTree +-- express@4.15.2
122 silly idealTree +-- finalhandler@1.0.1
122 silly idealTree | `-- debug@2.6.3
122 silly idealTree +-- forwarded@0.1.0
122 silly idealTree +-- frameguard@3.0.0
122 silly idealTree +-- fresh@0.5.0
122 silly idealTree +-- fs-extra@1.0.0
122 silly idealTree +-- graceful-fs@4.1.11
122 silly idealTree +-- helmet-csp@2.4.0
122 silly idealTree +-- helmet@3.5.0
122 silly idealTree +-- hide-powered-by@1.0.0
122 silly idealTree +-- hoek@2.16.3
122 silly idealTree +-- hpkp@2.0.0
122 silly idealTree +-- hsts@2.0.0
122 silly idealTree +-- http-errors@1.6.1
122 silly idealTree +-- iconv-lite@0.4.15
122 silly idealTree +-- ienoopen@1.0.0
122 silly idealTree +-- imurmurhash@0.1.4
122 silly idealTree +-- inherits@2.0.3
122 silly idealTree +-- ipaddr.js@1.3.0
122 silly idealTree +-- is-promise@2.1.0
122 silly idealTree +-- isemail@1.2.0
122 silly idealTree +-- jju@1.3.0
122 silly idealTree +-- joi@6.10.1
122 silly idealTree +-- json-parse-helpfulerror@1.0.3
122 silly idealTree +-- jsonfile@2.4.0
122 silly idealTree +-- jsonwebtoken@7.3.0
122 silly idealTree +-- jwa@1.1.5
122 silly idealTree +-- jws@3.1.4
122 silly idealTree +-- jwt-simple@0.5.1
122 silly idealTree +-- jwt@0.2.0
122 silly idealTree +-- klaw@1.3.1
122 silly idealTree +-- lodash.once@4.1.1
122 silly idealTree +-- lodash.reduce@4.6.0
122 silly idealTree +-- lodash@4.17.4
122 silly idealTree +-- lz-string@1.4.4
122 silly idealTree +-- media-typer@0.3.0
122 silly idealTree +-- merge-descriptors@1.0.1
122 silly idealTree +-- methods@1.1.2
122 silly idealTree +-- mime-db@1.27.0
122 silly idealTree +-- mime-types@2.1.15
122 silly idealTree +-- mime@1.3.4
122 silly idealTree +-- moment@2.18.1
122 silly idealTree +-- ms@0.7.2
122 silly idealTree +-- negotiator@0.6.1
122 silly idealTree +-- nocache@2.0.0
122 silly idealTree +-- node-base64@0.0.1
122 silly idealTree +-- node-flat-db@0.2.1
122 silly idealTree +-- on-finished@2.3.0
122 silly idealTree +-- on-headers@1.0.1
122 silly idealTree +-- parseurl@1.3.1
122 silly idealTree +-- path-to-regexp@0.1.7
122 silly idealTree +-- platform@1.3.3
122 silly idealTree +-- proxy-addr@1.1.4
122 silly idealTree +-- q@1.5.0
122 silly idealTree +-- qs@6.4.0
122 silly idealTree +-- random-bytes@1.0.0
122 silly idealTree +-- range-parser@1.2.0
122 silly idealTree +-- raw-body@2.2.0
122 silly idealTree +-- referrer-policy@1.1.0
122 silly idealTree +-- retry@0.10.1
122 silly idealTree +-- safe-buffer@5.0.1
122 silly idealTree +-- send@0.15.1
122 silly idealTree +-- serve-static@1.12.1
122 silly idealTree +-- session-file-store@1.0.0
122 silly idealTree +-- setprototypeof@1.0.3
122 silly idealTree +-- slide@1.1.6
122 silly idealTree +-- statuses@1.3.1
122 silly idealTree +-- steno@0.4.4
122 silly idealTree +-- topo@1.1.0
122 silly idealTree +-- type-is@1.6.15
122 silly idealTree +-- uid-safe@2.1.4
122 silly idealTree +-- unpipe@1.0.0
122 silly idealTree +-- utf8@2.1.2
122 silly idealTree +-- utils-merge@1.0.0
122 silly idealTree +-- uuid@3.0.1
122 silly idealTree +-- vary@1.1.1
122 silly idealTree +-- web3@0.18.4
122 silly idealTree +-- write-file-atomic@1.3.1
122 silly idealTree +-- x-xss-protection@1.0.0
122 silly idealTree +-- xhr2@0.1.4
122 silly idealTree +-- xmlhttprequest@1.8.0
122 silly idealTree `-- xtend@4.0.1
123 silly generateActionsToTake Starting
124 silly install generateActionsToTake
125 silly generateActionsToTake Finishing
126 silly diffTrees action count 2
127 silly diffTrees add node-base64@0.0.1
128 silly diffTrees add jwt@0.2.0
129 silly decomposeActions action count 16
130 silly decomposeActions fetch node-base64@0.0.1
131 silly decomposeActions extract node-base64@0.0.1
132 silly decomposeActions test node-base64@0.0.1
133 silly decomposeActions preinstall node-base64@0.0.1
134 silly decomposeActions build node-base64@0.0.1
135 silly decomposeActions install node-base64@0.0.1
136 silly decomposeActions postinstall node-base64@0.0.1
137 silly decomposeActions finalize node-base64@0.0.1
138 silly decomposeActions fetch jwt@0.2.0
139 silly decomposeActions extract jwt@0.2.0
140 silly decomposeActions test jwt@0.2.0
141 silly decomposeActions preinstall jwt@0.2.0
142 silly decomposeActions build jwt@0.2.0
143 silly decomposeActions install jwt@0.2.0
144 silly decomposeActions postinstall jwt@0.2.0
145 silly decomposeActions finalize jwt@0.2.0
146 silly runTopLevelLifecycles Starting
147 silly executeActions Starting
148 silly install executeActions
149 silly doSerial global-install 0
150 silly doParallel fetch 2
151 verbose correctMkdir C:\Users\User\AppData\Roaming\npm-cache\_locks correctMkdir not in flight; initializing
152 verbose lock using C:\Users\User\AppData\Roaming\npm-cache\_locks\staging-bc282a11abb50823.lock for C:\ethereum\IDChain\Azure\APIapp\APIAppIDChainTest\node_modules\.staging
153 silly doParallel extract 2
154 silly extract node-base64@0.0.1
155 silly extract jwt@0.2.0
156 verbose unbuild node_modules\.staging\node-base64-fac5e8c0
157 verbose unbuild node_modules\.staging\jwt-33d47a9d
158 silly gentlyRm C:\ethereum\IDChain\Azure\APIapp\APIAppIDChainTest\node_modules\.staging\node-base64-fac5e8c0 is being purged from base C:\ethereum\IDChain\Azure\APIapp\APIAppIDChainTest
159 verbose gentlyRm don't care about contents; nuking C:\ethereum\IDChain\Azure\APIapp\APIAppIDChainTest\node_modules\.staging\node-base64-fac5e8c0
160 silly gentlyRm C:\ethereum\IDChain\Azure\APIapp\APIAppIDChainTest\node_modules\.staging\jwt-33d47a9d is being purged from base C:\ethereum\IDChain\Azure\APIapp\APIAppIDChainTest
161 verbose gentlyRm don't care about contents; nuking C:\ethereum\IDChain\Azure\APIapp\APIAppIDChainTest\node_modules\.staging\jwt-33d47a9d
162 verbose tar unpack C:\Users\User\AppData\Roaming\npm-cache\node-base64\0.0.1\package.tgz
163 verbose tar unpacking to C:\ethereum\IDChain\Azure\APIapp\APIAppIDChainTest\node_modules\.staging\node-base64-fac5e8c0
164 silly gentlyRm C:\ethereum\IDChain\Azure\APIapp\APIAppIDChainTest\node_modules\.staging\node-base64-fac5e8c0 is being purged
165 verbose gentlyRm don't care about contents; nuking C:\ethereum\IDChain\Azure\APIapp\APIAppIDChainTest\node_modules\.staging\node-base64-fac5e8c0
166 verbose tar unpack C:\Users\User\AppData\Roaming\npm-cache\jwt\0.2.0\package.tgz
167 verbose tar unpacking to C:\ethereum\IDChain\Azure\APIapp\APIAppIDChainTest\node_modules\.staging\jwt-33d47a9d
168 silly gentlyRm C:\ethereum\IDChain\Azure\APIapp\APIAppIDChainTest\node_modules\.staging\jwt-33d47a9d is being purged
169 verbose gentlyRm don't care about contents; nuking C:\ethereum\IDChain\Azure\APIapp\APIAppIDChainTest\node_modules\.staging\jwt-33d47a9d
170 silly gunzTarPerm modes [ '777', '666' ]
171 silly gunzTarPerm modes [ '777', '666' ]
172 silly gunzTarPerm extractEntry .npmignore
173 silly gunzTarPerm modified mode [ '.npmignore', 420, 438 ]
174 silly gunzTarPerm extractEntry
175 silly gunzTarPerm modified mode [ '', 493, 511 ]
176 silly gunzTarPerm extractEntry lib/
177 silly gunzTarPerm modified mode [ 'lib/', 493, 511 ]
178 silly gunzTarPerm extractEntry lib/jwt.js
179 silly gunzTarPerm modified mode [ 'lib/jwt.js', 420, 438 ]
180 silly gunzTarPerm extractEntry .gitignore
181 silly gunzTarPerm modified mode [ '.gitignore', 420, 438 ]
182 silly gunzTarPerm extractEntry base64.cc
183 silly gunzTarPerm modified mode [ 'base64.cc', 420, 438 ]
184 silly gunzTarPerm extractEntry install.sh
185 silly gunzTarPerm modified mode [ 'install.sh', 493, 511 ]
186 silly gunzTarPerm extractEntry js_base64_for_comparsion.js
187 silly gunzTarPerm modified mode [ 'js_base64_for_comparsion.js', 420, 438 ]
188 silly gunzTarPerm extractEntry makefile
189 silly gunzTarPerm modified mode [ 'makefile', 420, 438 ]
190 silly gunzTarPerm extractEntry package.json
191 silly gunzTarPerm modified mode [ 'package.json', 420, 438 ]
192 silly gunzTarPerm extractEntry README.md
193 silly gunzTarPerm modified mode [ 'README.md', 420, 438 ]
194 silly gunzTarPerm extractEntry package.json
195 silly gunzTarPerm modified mode [ 'package.json', 420, 438 ]
196 silly gunzTarPerm extractEntry README.md
197 silly gunzTarPerm modified mode [ 'README.md', 420, 438 ]
198 silly gunzTarPerm extractEntry test.js
199 silly gunzTarPerm modified mode [ 'test.js', 420, 438 ]
200 silly gunzTarPerm extractEntry test.php
201 silly gunzTarPerm modified mode [ 'test.php', 420, 438 ]
202 silly gunzTarPerm extractEntry wscript
203 silly gunzTarPerm modified mode [ 'wscript', 493, 511 ]
204 silly gentlyRm C:\ethereum\IDChain\Azure\APIapp\APIAppIDChainTest\node_modules\.staging\jwt-33d47a9d\node_modules is being purged
205 verbose gentlyRm don't care about contents; nuking C:\ethereum\IDChain\Azure\APIapp\APIAppIDChainTest\node_modules\.staging\jwt-33d47a9d\node_modules
206 silly gentlyRm C:\ethereum\IDChain\Azure\APIapp\APIAppIDChainTest\node_modules\.staging\node-base64-fac5e8c0\node_modules is being purged
207 verbose gentlyRm don't care about contents; nuking C:\ethereum\IDChain\Azure\APIapp\APIAppIDChainTest\node_modules\.staging\node-base64-fac5e8c0\node_modules
208 silly doParallel preinstall 2
209 silly preinstall node-base64@0.0.1
210 info lifecycle node-base64@0.0.1~preinstall: node-base64@0.0.1
211 silly preinstall jwt@0.2.0
212 info lifecycle jwt@0.2.0~preinstall: jwt@0.2.0
213 silly lifecycle node-base64@0.0.1~preinstall: no script for preinstall, continuing
214 silly lifecycle jwt@0.2.0~preinstall: no script for preinstall, continuing
215 silly doReverseSerial remove 0
216 silly doSerial move 0
217 silly doSerial finalize 2
218 silly finalize C:\ethereum\IDChain\Azure\APIapp\APIAppIDChainTest\node_modules\node-base64
219 silly finalize C:\ethereum\IDChain\Azure\APIapp\APIAppIDChainTest\node_modules\jwt
220 silly doSerial build 2
221 silly build node-base64@0.0.1
222 info linkStuff node-base64@0.0.1
223 silly linkStuff node-base64@0.0.1 has C:\ethereum\IDChain\Azure\APIapp\APIAppIDChainTest\node_modules as its parent node_modules
224 verbose linkBins node-base64@0.0.1
225 verbose linkMans node-base64@0.0.1
226 silly build jwt@0.2.0
227 info linkStuff jwt@0.2.0
228 silly linkStuff jwt@0.2.0 has C:\ethereum\IDChain\Azure\APIapp\APIAppIDChainTest\node_modules as its parent node_modules
229 verbose linkBins jwt@0.2.0
230 verbose linkMans jwt@0.2.0
231 silly doSerial global-link 0
232 silly doParallel update-linked 0
233 silly doSerial install 2
234 silly install node-base64@0.0.1
235 info lifecycle node-base64@0.0.1~install: node-base64@0.0.1
236 verbose lifecycle node-base64@0.0.1~install: unsafe-perm in lifecycle true
237 verbose lifecycle node-base64@0.0.1~install: PATH: C:\Users\User\AppData\Roaming\npm\node_modules\npm\bin\node-gyp-bin;C:\ethereum\IDChain\Azure\APIapp\APIAppIDChainTest\node_modules\node-base64\node_modules\.bin;C:\ethereum\IDChain\Azure\APIapp\APIAppIDChainTest\node_modules\.bin;C:\ProgramData\Oracle\Java\javapath;C:\Windows\system32;C:\Windows;C:\Windows\System32\Wbem;C:\Windows\System32\WindowsPowerShell\v1.0\;C:\Program Files (x86)\sbt\bin;C:\Program Files\Git\cmd;C:\Program Files\Microsoft\Web Platform Installer\;C:\Windows\system32\config\systemprofile\.dnx\bin;C:\Program Files\Microsoft DNX\Dnvm\;C:\Program Files\Microsoft SQL Server\130\Tools\Binn\;C:\Program Files\nodejs\;C:\Program Files (x86)\Windows Kits\8.1\Windows Performance Toolkit\;C:\Program Files (x86)\Skype\Phone\;C:\Program Files\MySQL\MySQL Utilities 1.6\;C:\Users\User\Anaconda2;C:\Users\User\Anaconda2\Scripts;C:\Users\User\Anaconda2\Library\bin;C:\Users\User\AppData\Roaming\npm;C:\Program Files (x86)\Microsoft VS Code\bin
238 verbose lifecycle node-base64@0.0.1~install: CWD: C:\ethereum\IDChain\Azure\APIapp\APIAppIDChainTest\node_modules\node-base64
239 silly lifecycle node-base64@0.0.1~install: Args: [ '/d /s /c', './install.sh' ]
240 silly lifecycle node-base64@0.0.1~install: Returned: code: 1  signal: null
241 info lifecycle node-base64@0.0.1~install: Failed to exec install script
242 verbose unlock done using C:\Users\User\AppData\Roaming\npm-cache\_locks\staging-bc282a11abb50823.lock for C:\ethereum\IDChain\Azure\APIapp\APIAppIDChainTest\node_modules\.staging
243 silly rollbackFailedOptional Starting
244 silly gentlyRm C:\ethereum\IDChain\Azure\APIapp\APIAppIDChainTest\node_modules\node-base64 is being purged from base C:\ethereum\IDChain\Azure\APIapp\APIAppIDChainTest
245 verbose gentlyRm don't care about contents; nuking C:\ethereum\IDChain\Azure\APIapp\APIAppIDChainTest\node_modules\node-base64
246 silly gentlyRm C:\ethereum\IDChain\Azure\APIapp\APIAppIDChainTest\node_modules\node-base64 is being purged from base C:\ethereum\IDChain\Azure\APIapp\APIAppIDChainTest
247 verbose gentlyRm don't care about contents; nuking C:\ethereum\IDChain\Azure\APIapp\APIAppIDChainTest\node_modules\node-base64
248 silly gentlyRm C:\ethereum\IDChain\Azure\APIapp\APIAppIDChainTest\node_modules\node-base64 is being purged from base C:\ethereum\IDChain\Azure\APIapp\APIAppIDChainTest
249 verbose gentlyRm don't care about contents; nuking C:\ethereum\IDChain\Azure\APIapp\APIAppIDChainTest\node_modules\node-base64
250 silly gentlyRm C:\ethereum\IDChain\Azure\APIapp\APIAppIDChainTest\node_modules\node-base64 is being purged from base C:\ethereum\IDChain\Azure\APIapp\APIAppIDChainTest
251 verbose gentlyRm don't care about contents; nuking C:\ethereum\IDChain\Azure\APIapp\APIAppIDChainTest\node_modules\node-base64
252 silly gentlyRm C:\ethereum\IDChain\Azure\APIapp\APIAppIDChainTest\node_modules\node-base64 is being purged from base C:\ethereum\IDChain\Azure\APIapp\APIAppIDChainTest
253 verbose gentlyRm don't care about contents; nuking C:\ethereum\IDChain\Azure\APIapp\APIAppIDChainTest\node_modules\node-base64
254 silly gentlyRm C:\ethereum\IDChain\Azure\APIapp\APIAppIDChainTest\node_modules\node-base64 is being purged from base C:\ethereum\IDChain\Azure\APIapp\APIAppIDChainTest
255 verbose gentlyRm don't care about contents; nuking C:\ethereum\IDChain\Azure\APIapp\APIAppIDChainTest\node_modules\node-base64
256 silly gentlyRm C:\ethereum\IDChain\Azure\APIapp\APIAppIDChainTest\node_modules\node-base64 is being purged from base C:\ethereum\IDChain\Azure\APIapp\APIAppIDChainTest
257 verbose gentlyRm don't care about contents; nuking C:\ethereum\IDChain\Azure\APIapp\APIAppIDChainTest\node_modules\node-base64
258 silly gentlyRm C:\ethereum\IDChain\Azure\APIapp\APIAppIDChainTest\node_modules\node-base64 is being purged from base C:\ethereum\IDChain\Azure\APIapp\APIAppIDChainTest
259 verbose gentlyRm don't care about contents; nuking C:\ethereum\IDChain\Azure\APIapp\APIAppIDChainTest\node_modules\node-base64
260 silly gentlyRm C:\ethereum\IDChain\Azure\APIapp\APIAppIDChainTest\node_modules\jwt is being purged from base C:\ethereum\IDChain\Azure\APIapp\APIAppIDChainTest
261 verbose gentlyRm don't care about contents; nuking C:\ethereum\IDChain\Azure\APIapp\APIAppIDChainTest\node_modules\jwt
262 silly gentlyRm C:\ethereum\IDChain\Azure\APIapp\APIAppIDChainTest\node_modules\jwt is being purged from base C:\ethereum\IDChain\Azure\APIapp\APIAppIDChainTest
263 verbose gentlyRm don't care about contents; nuking C:\ethereum\IDChain\Azure\APIapp\APIAppIDChainTest\node_modules\jwt
264 silly gentlyRm C:\ethereum\IDChain\Azure\APIapp\APIAppIDChainTest\node_modules\jwt is being purged from base C:\ethereum\IDChain\Azure\APIapp\APIAppIDChainTest
265 verbose gentlyRm don't care about contents; nuking C:\ethereum\IDChain\Azure\APIapp\APIAppIDChainTest\node_modules\jwt
266 silly gentlyRm C:\ethereum\IDChain\Azure\APIapp\APIAppIDChainTest\node_modules\jwt is being purged from base C:\ethereum\IDChain\Azure\APIapp\APIAppIDChainTest
267 verbose gentlyRm don't care about contents; nuking C:\ethereum\IDChain\Azure\APIapp\APIAppIDChainTest\node_modules\jwt
268 silly gentlyRm C:\ethereum\IDChain\Azure\APIapp\APIAppIDChainTest\node_modules\jwt is being purged from base C:\ethereum\IDChain\Azure\APIapp\APIAppIDChainTest
269 verbose gentlyRm don't care about contents; nuking C:\ethereum\IDChain\Azure\APIapp\APIAppIDChainTest\node_modules\jwt
270 silly gentlyRm C:\ethereum\IDChain\Azure\APIapp\APIAppIDChainTest\node_modules\jwt is being purged from base C:\ethereum\IDChain\Azure\APIapp\APIAppIDChainTest
271 verbose gentlyRm don't care about contents; nuking C:\ethereum\IDChain\Azure\APIapp\APIAppIDChainTest\node_modules\jwt
272 silly gentlyRm C:\ethereum\IDChain\Azure\APIapp\APIAppIDChainTest\node_modules\jwt is being purged from base C:\ethereum\IDChain\Azure\APIapp\APIAppIDChainTest
273 verbose gentlyRm don't care about contents; nuking C:\ethereum\IDChain\Azure\APIapp\APIAppIDChainTest\node_modules\jwt
274 silly gentlyRm C:\ethereum\IDChain\Azure\APIapp\APIAppIDChainTest\node_modules\jwt is being purged from base C:\ethereum\IDChain\Azure\APIapp\APIAppIDChainTest
275 verbose gentlyRm don't care about contents; nuking C:\ethereum\IDChain\Azure\APIapp\APIAppIDChainTest\node_modules\jwt
276 silly vacuum-fs purging C:\ethereum\IDChain\Azure\APIapp\APIAppIDChainTest\node_modules\node-base64
277 silly vacuum-fs purging C:\ethereum\IDChain\Azure\APIapp\APIAppIDChainTest\node_modules\node-base64
278 silly vacuum-fs purging C:\ethereum\IDChain\Azure\APIapp\APIAppIDChainTest\node_modules\node-base64
279 silly vacuum-fs purging C:\ethereum\IDChain\Azure\APIapp\APIAppIDChainTest\node_modules\node-base64
280 silly vacuum-fs purging C:\ethereum\IDChain\Azure\APIapp\APIAppIDChainTest\node_modules\node-base64
281 silly vacuum-fs purging C:\ethereum\IDChain\Azure\APIapp\APIAppIDChainTest\node_modules\node-base64
282 silly vacuum-fs purging C:\ethereum\IDChain\Azure\APIapp\APIAppIDChainTest\node_modules\node-base64
283 silly vacuum-fs purging C:\ethereum\IDChain\Azure\APIapp\APIAppIDChainTest\node_modules\node-base64
284 silly vacuum-fs purging C:\ethereum\IDChain\Azure\APIapp\APIAppIDChainTest\node_modules\jwt
285 silly vacuum-fs purging C:\ethereum\IDChain\Azure\APIapp\APIAppIDChainTest\node_modules\jwt
286 silly vacuum-fs purging C:\ethereum\IDChain\Azure\APIapp\APIAppIDChainTest\node_modules\jwt
287 silly vacuum-fs purging C:\ethereum\IDChain\Azure\APIapp\APIAppIDChainTest\node_modules\jwt
288 silly vacuum-fs purging C:\ethereum\IDChain\Azure\APIapp\APIAppIDChainTest\node_modules\jwt
289 silly vacuum-fs purging C:\ethereum\IDChain\Azure\APIapp\APIAppIDChainTest\node_modules\jwt
290 silly vacuum-fs purging C:\ethereum\IDChain\Azure\APIapp\APIAppIDChainTest\node_modules\jwt
291 silly vacuum-fs purging C:\ethereum\IDChain\Azure\APIapp\APIAppIDChainTest\node_modules\jwt
292 silly vacuum-fs quitting because other entries in C:\ethereum\IDChain\Azure\APIapp\APIAppIDChainTest\node_modules
293 silly vacuum-fs quitting because other entries in C:\ethereum\IDChain\Azure\APIapp\APIAppIDChainTest\node_modules
294 silly vacuum-fs quitting because other entries in C:\ethereum\IDChain\Azure\APIapp\APIAppIDChainTest\node_modules
295 silly vacuum-fs quitting because other entries in C:\ethereum\IDChain\Azure\APIapp\APIAppIDChainTest\node_modules
296 silly vacuum-fs quitting because other entries in C:\ethereum\IDChain\Azure\APIapp\APIAppIDChainTest\node_modules
297 silly vacuum-fs quitting because other entries in C:\ethereum\IDChain\Azure\APIapp\APIAppIDChainTest\node_modules
298 silly vacuum-fs quitting because other entries in C:\ethereum\IDChain\Azure\APIapp\APIAppIDChainTest\node_modules
299 silly vacuum-fs quitting because other entries in C:\ethereum\IDChain\Azure\APIapp\APIAppIDChainTest\node_modules
300 silly vacuum-fs quitting because other entries in C:\ethereum\IDChain\Azure\APIapp\APIAppIDChainTest\node_modules
301 silly vacuum-fs quitting because other entries in C:\ethereum\IDChain\Azure\APIapp\APIAppIDChainTest\node_modules
302 silly vacuum-fs quitting because other entries in C:\ethereum\IDChain\Azure\APIapp\APIAppIDChainTest\node_modules
303 silly vacuum-fs quitting because other entries in C:\ethereum\IDChain\Azure\APIapp\APIAppIDChainTest\node_modules
304 silly vacuum-fs quitting because other entries in C:\ethereum\IDChain\Azure\APIapp\APIAppIDChainTest\node_modules
305 silly vacuum-fs quitting because other entries in C:\ethereum\IDChain\Azure\APIapp\APIAppIDChainTest\node_modules
306 silly vacuum-fs quitting because other entries in C:\ethereum\IDChain\Azure\APIapp\APIAppIDChainTest\node_modules
307 silly vacuum-fs quitting because other entries in C:\ethereum\IDChain\Azure\APIapp\APIAppIDChainTest\node_modules
308 silly rollbackFailedOptional Finishing
309 silly runTopLevelLifecycles Finishing
310 silly install printInstalled
311 warn reg-rest@0.1.0 No repository field.
312 verbose If you need help, you may report this error at:
312 verbose     <https://github.com/npm/npm/issues>
313 verbose stack Error: node-base64@0.0.1 install: `./install.sh`
313 verbose stack Exit status 1
313 verbose stack     at EventEmitter.<anonymous> (C:\Users\User\AppData\Roaming\npm\node_modules\npm\lib\utils\lifecycle.js:279:16)
313 verbose stack     at emitTwo (events.js:106:13)
313 verbose stack     at EventEmitter.emit (events.js:191:7)
313 verbose stack     at ChildProcess.<anonymous> (C:\Users\User\AppData\Roaming\npm\node_modules\npm\lib\utils\spawn.js:40:14)
313 verbose stack     at emitTwo (events.js:106:13)
313 verbose stack     at ChildProcess.emit (events.js:191:7)
313 verbose stack     at maybeClose (internal/child_process.js:885:16)
313 verbose stack     at Process.ChildProcess._handle.onexit (internal/child_process.js:226:5)
314 verbose pkgid node-base64@0.0.1
315 verbose cwd C:\ethereum\IDChain\Azure\APIapp\APIAppIDChainTest
316 error Windows_NT 6.3.9600
317 error argv "C:\\Program Files\\nodejs\\node.exe" "C:\\Users\\User\\AppData\\Roaming\\npm\\node_modules\\npm\\bin\\npm-cli.js" "install" "jwt"
318 error node v7.2.1
319 error npm  v4.0.3
320 error code ELIFECYCLE
321 error node-base64@0.0.1 install: `./install.sh`
321 error Exit status 1
322 error Failed at the node-base64@0.0.1 install script './install.sh'.
322 error Make sure you have the latest version of node.js and npm installed.
322 error If you do, this is most likely a problem with the node-base64 package,
322 error not with npm itself.
322 error Tell the author that this fails on your system:
322 error     ./install.sh
322 error You can get information on how to open an issue for this project with:
322 error     npm bugs node-base64
322 error Or if that isn't available, you can get their info via:
322 error     npm owner ls node-base64
322 error There is likely additional logging output above.
323 verbose exit [ 1, true ]
